<?xml version="1.0" ?>
<coverage version="6.3.1" timestamp="1644174283122" lines-valid="352" lines-covered="126" line-rate="0.358" branches-covered="0" branches-valid="0" branch-rate="0" complexity="0">
	<!-- Generated by coverage.py: https://coverage.readthedocs.io -->
	<!-- Based on https://raw.githubusercontent.com/cobertura/web/master/htdocs/xml/coverage-04.dtd -->
	<sources>
		<source>/root/project</source>
	</sources>
	<packages>
		<package name="langbrainscore.benchmark_packaging" line-rate="0" branch-rate="0" complexity="0">
			<classes>
				<class name="package_benchmarks.py" filename="langbrainscore/benchmark_packaging/package_benchmarks.py" complexity="0" line-rate="0" branch-rate="0">
					<methods/>
					<lines>
						<line number="1" hits="0"/>
						<line number="3" hits="0"/>
						<line number="4" hits="0"/>
						<line number="5" hits="0"/>
						<line number="8" hits="0"/>
						<line number="9" hits="0"/>
						<line number="10" hits="0"/>
						<line number="11" hits="0"/>
						<line number="12" hits="0"/>
						<line number="13" hits="0"/>
						<line number="14" hits="0"/>
						<line number="15" hits="0"/>
						<line number="16" hits="0"/>
						<line number="17" hits="0"/>
						<line number="18" hits="0"/>
						<line number="19" hits="0"/>
						<line number="20" hits="0"/>
						<line number="22" hits="0"/>
						<line number="23" hits="0"/>
						<line number="24" hits="0"/>
						<line number="26" hits="0"/>
						<line number="29" hits="0"/>
						<line number="30" hits="0"/>
						<line number="32" hits="0"/>
						<line number="33" hits="0"/>
						<line number="34" hits="0"/>
						<line number="35" hits="0"/>
						<line number="38" hits="0"/>
						<line number="39" hits="0"/>
						<line number="40" hits="0"/>
						<line number="43" hits="0"/>
						<line number="44" hits="0"/>
						<line number="47" hits="0"/>
						<line number="48" hits="0"/>
					</lines>
				</class>
			</classes>
		</package>
		<package name="langbrainscore.dataset" line-rate="0.7273" branch-rate="0" complexity="0">
			<classes>
				<class name="__init__.py" filename="langbrainscore/dataset/__init__.py" complexity="0" line-rate="1" branch-rate="0">
					<methods/>
					<lines>
						<line number="3" hits="1"/>
					</lines>
				</class>
				<class name="dataset.py" filename="langbrainscore/dataset/dataset.py" complexity="0" line-rate="0.7188" branch-rate="0">
					<methods/>
					<lines>
						<line number="1" hits="1"/>
						<line number="2" hits="1"/>
						<line number="3" hits="1"/>
						<line number="4" hits="1"/>
						<line number="6" hits="1"/>
						<line number="7" hits="1"/>
						<line number="8" hits="1"/>
						<line number="9" hits="1"/>
						<line number="11" hits="1"/>
						<line number="22" hits="0"/>
						<line number="25" hits="1"/>
						<line number="26" hits="1"/>
						<line number="30" hits="0"/>
						<line number="33" hits="1"/>
						<line number="34" hits="1"/>
						<line number="40" hits="0"/>
						<line number="42" hits="1"/>
						<line number="43" hits="1"/>
						<line number="46" hits="0"/>
						<line number="53" hits="1"/>
						<line number="69" hits="1"/>
						<line number="70" hits="1"/>
						<line number="72" hits="1"/>
						<line number="78" hits="0"/>
						<line number="104" hits="1"/>
						<line number="105" hits="1"/>
						<line number="106" hits="0"/>
						<line number="108" hits="0"/>
						<line number="109" hits="0"/>
						<line number="111" hits="1"/>
						<line number="112" hits="1"/>
						<line number="113" hits="0"/>
					</lines>
				</class>
			</classes>
		</package>
		<package name="langbrainscore.encoder" line-rate="0.2927" branch-rate="0" complexity="0">
			<classes>
				<class name="__init__.py" filename="langbrainscore/encoder/__init__.py" complexity="0" line-rate="1" branch-rate="0">
					<methods/>
					<lines>
						<line number="2" hits="1"/>
						<line number="3" hits="1"/>
						<line number="4" hits="1"/>
					</lines>
				</class>
				<class name="ann.py" filename="langbrainscore/encoder/ann.py" complexity="0" line-rate="0.2404" branch-rate="0">
					<methods/>
					<lines>
						<line number="1" hits="1"/>
						<line number="2" hits="1"/>
						<line number="3" hits="1"/>
						<line number="4" hits="1"/>
						<line number="5" hits="1"/>
						<line number="6" hits="1"/>
						<line number="7" hits="1"/>
						<line number="8" hits="1"/>
						<line number="9" hits="1"/>
						<line number="14" hits="1"/>
						<line number="20" hits="0"/>
						<line number="21" hits="0"/>
						<line number="22" hits="0"/>
						<line number="23" hits="0"/>
						<line number="24" hits="0"/>
						<line number="25" hits="0"/>
						<line number="26" hits="0"/>
						<line number="28" hits="0"/>
						<line number="29" hits="0"/>
						<line number="31" hits="0"/>
						<line number="37" hits="1"/>
						<line number="57" hits="0"/>
						<line number="60" hits="1"/>
						<line number="74" hits="0"/>
						<line number="75" hits="0"/>
						<line number="77" hits="0"/>
						<line number="78" hits="0"/>
						<line number="79" hits="0"/>
						<line number="80" hits="0"/>
						<line number="81" hits="0"/>
						<line number="82" hits="0"/>
						<line number="83" hits="0"/>
						<line number="84" hits="0"/>
						<line number="85" hits="0"/>
						<line number="86" hits="0"/>
						<line number="87" hits="0"/>
						<line number="89" hits="0"/>
						<line number="91" hits="0"/>
						<line number="93" hits="0"/>
						<line number="96" hits="1"/>
						<line number="97" hits="1"/>
						<line number="99" hits="1"/>
						<line number="101" hits="0"/>
						<line number="103" hits="1"/>
						<line number="104" hits="1"/>
						<line number="105" hits="1"/>
						<line number="108" hits="1"/>
						<line number="109" hits="1"/>
						<line number="111" hits="1"/>
						<line number="113" hits="0"/>
						<line number="115" hits="0"/>
						<line number="116" hits="0"/>
						<line number="117" hits="0"/>
						<line number="118" hits="0"/>
						<line number="120" hits="1"/>
						<line number="148" hits="0"/>
						<line number="151" hits="0"/>
						<line number="152" hits="0"/>
						<line number="153" hits="0"/>
						<line number="155" hits="0"/>
						<line number="157" hits="0"/>
						<line number="158" hits="0"/>
						<line number="162" hits="0"/>
						<line number="163" hits="0"/>
						<line number="164" hits="0"/>
						<line number="169" hits="0"/>
						<line number="170" hits="0"/>
						<line number="171" hits="0"/>
						<line number="175" hits="0"/>
						<line number="176" hits="0"/>
						<line number="178" hits="0"/>
						<line number="179" hits="0"/>
						<line number="181" hits="0"/>
						<line number="183" hits="0"/>
						<line number="185" hits="0"/>
						<line number="186" hits="0"/>
						<line number="187" hits="0"/>
						<line number="188" hits="0"/>
						<line number="190" hits="0"/>
						<line number="193" hits="0"/>
						<line number="194" hits="0"/>
						<line number="197" hits="0"/>
						<line number="198" hits="0"/>
						<line number="201" hits="0"/>
						<line number="202" hits="0"/>
						<line number="206" hits="0"/>
						<line number="207" hits="0"/>
						<line number="210" hits="0"/>
						<line number="214" hits="0"/>
						<line number="223" hits="0"/>
						<line number="224" hits="0"/>
						<line number="225" hits="0"/>
						<line number="226" hits="0"/>
						<line number="235" hits="0"/>
						<line number="238" hits="0"/>
						<line number="255" hits="0"/>
						<line number="256" hits="0"/>
						<line number="268" hits="0"/>
						<line number="271" hits="1"/>
						<line number="272" hits="1"/>
						<line number="273" hits="0"/>
						<line number="274" hits="0"/>
						<line number="276" hits="1"/>
						<line number="277" hits="0"/>
					</lines>
				</class>
				<class name="brain.py" filename="langbrainscore/encoder/brain.py" complexity="0" line-rate="0.5" branch-rate="0">
					<methods/>
					<lines>
						<line number="1" hits="1"/>
						<line number="2" hits="1"/>
						<line number="5" hits="1"/>
						<line number="16" hits="1"/>
						<line number="18" hits="1"/>
						<line number="21" hits="0"/>
						<line number="23" hits="1"/>
						<line number="24" hits="1"/>
						<line number="25" hits="0"/>
						<line number="29" hits="1"/>
						<line number="40" hits="0"/>
						<line number="42" hits="0"/>
						<line number="43" hits="0"/>
						<line number="44" hits="0"/>
						<line number="45" hits="0"/>
						<line number="47" hits="0"/>
					</lines>
				</class>
			</classes>
		</package>
		<package name="langbrainscore.interface" line-rate="0.7727" branch-rate="0" complexity="0">
			<classes>
				<class name="__init__.py" filename="langbrainscore/interface/__init__.py" complexity="0" line-rate="1" branch-rate="0">
					<methods/>
					<lines>
						<line number="2" hits="1"/>
					</lines>
				</class>
				<class name="encoder.py" filename="langbrainscore/interface/encoder.py" complexity="0" line-rate="0.7619" branch-rate="0">
					<methods/>
					<lines>
						<line number="1" hits="1"/>
						<line number="2" hits="1"/>
						<line number="3" hits="1"/>
						<line number="4" hits="1"/>
						<line number="5" hits="1"/>
						<line number="7" hits="1"/>
						<line number="10" hits="1"/>
						<line number="11" hits="1"/>
						<line number="12" hits="0"/>
						<line number="14" hits="1"/>
						<line number="15" hits="1"/>
						<line number="16" hits="0"/>
						<line number="19" hits="1"/>
						<line number="32" hits="1"/>
						<line number="36" hits="0"/>
						<line number="44" hits="1"/>
						<line number="45" hits="1"/>
						<line number="56" hits="0"/>
						<line number="59" hits="1"/>
						<line number="60" hits="1"/>
						<line number="79" hits="0"/>
					</lines>
				</class>
			</classes>
		</package>
		<package name="langbrainscore.mapping_tools" line-rate="0.3469" branch-rate="0" complexity="0">
			<classes>
				<class name="__init__.py" filename="langbrainscore/mapping_tools/__init__.py" complexity="0" line-rate="1" branch-rate="0">
					<methods/>
					<lines>
						<line number="2" hits="1"/>
						<line number="3" hits="1"/>
					</lines>
				</class>
				<class name="mapping.py" filename="langbrainscore/mapping_tools/mapping.py" complexity="0" line-rate="0.2821" branch-rate="0">
					<methods/>
					<lines>
						<line number="1" hits="1"/>
						<line number="2" hits="1"/>
						<line number="4" hits="1"/>
						<line number="5" hits="1"/>
						<line number="6" hits="1"/>
						<line number="7" hits="1"/>
						<line number="8" hits="1"/>
						<line number="10" hits="1"/>
						<line number="13" hits="1"/>
						<line number="24" hits="1"/>
						<line number="25" hits="1"/>
						<line number="27" hits="1"/>
						<line number="55" hits="0"/>
						<line number="56" hits="0"/>
						<line number="64" hits="0"/>
						<line number="65" hits="0"/>
						<line number="67" hits="0"/>
						<line number="68" hits="0"/>
						<line number="70" hits="0"/>
						<line number="72" hits="0"/>
						<line number="73" hits="0"/>
						<line number="74" hits="0"/>
						<line number="75" hits="0"/>
						<line number="76" hits="0"/>
						<line number="78" hits="0"/>
						<line number="79" hits="0"/>
						<line number="80" hits="0"/>
						<line number="83" hits="0"/>
						<line number="85" hits="0"/>
						<line number="87" hits="0"/>
						<line number="89" hits="1"/>
						<line number="90" hits="1"/>
						<line number="96" hits="0"/>
						<line number="98" hits="0"/>
						<line number="99" hits="0"/>
						<line number="100" hits="0"/>
						<line number="101" hits="0"/>
						<line number="102" hits="0"/>
						<line number="103" hits="0"/>
						<line number="104" hits="0"/>
						<line number="105" hits="0"/>
						<line number="106" hits="0"/>
						<line number="108" hits="0"/>
						<line number="109" hits="0"/>
						<line number="111" hits="0"/>
						<line number="112" hits="0"/>
						<line number="115" hits="1"/>
						<line number="116" hits="0"/>
						<line number="122" hits="1"/>
						<line number="124" hits="0"/>
						<line number="125" hits="0"/>
						<line number="127" hits="1"/>
						<line number="144" hits="0"/>
						<line number="145" hits="0"/>
						<line number="146" hits="0"/>
						<line number="148" hits="0"/>
						<line number="150" hits="0"/>
						<line number="151" hits="0"/>
						<line number="152" hits="0"/>
						<line number="154" hits="0"/>
						<line number="156" hits="0"/>
						<line number="157" hits="0"/>
						<line number="159" hits="0"/>
						<line number="160" hits="0"/>
						<line number="161" hits="0"/>
						<line number="163" hits="0"/>
						<line number="164" hits="0"/>
						<line number="166" hits="0"/>
						<line number="167" hits="0"/>
						<line number="169" hits="0"/>
						<line number="172" hits="1"/>
						<line number="177" hits="0"/>
						<line number="180" hits="1"/>
						<line number="191" hits="0"/>
						<line number="193" hits="1"/>
						<line number="194" hits="0"/>
						<line number="197" hits="1"/>
						<line number="198" hits="1"/>
					</lines>
				</class>
				<class name="ridge.py" filename="langbrainscore/mapping_tools/ridge.py" complexity="0" line-rate="0" branch-rate="0">
					<methods/>
					<lines>
						<line number="4" hits="0"/>
						<line number="5" hits="0"/>
					</lines>
				</class>
				<class name="rsa.py" filename="langbrainscore/mapping_tools/rsa.py" complexity="0" line-rate="0.625" branch-rate="0">
					<methods/>
					<lines>
						<line number="1" hits="1"/>
						<line number="2" hits="1"/>
						<line number="3" hits="1"/>
						<line number="4" hits="1"/>
						<line number="7" hits="1"/>
						<line number="18" hits="1"/>
						<line number="32" hits="0"/>
						<line number="33" hits="0"/>
						<line number="35" hits="1"/>
						<line number="40" hits="0"/>
						<line number="47" hits="1"/>
						<line number="57" hits="1"/>
						<line number="58" hits="0"/>
						<line number="60" hits="1"/>
						<line number="67" hits="0"/>
						<line number="70" hits="0"/>
					</lines>
				</class>
			</classes>
		</package>
		<package name="langbrainscore.metrics" line-rate="0.4545" branch-rate="0" complexity="0">
			<classes>
				<class name="__init__.py" filename="langbrainscore/metrics/__init__.py" complexity="0" line-rate="1" branch-rate="0">
					<methods/>
					<lines>
						<line number="6" hits="1"/>
					</lines>
				</class>
				<class name="kendall_tau.py" filename="langbrainscore/metrics/kendall_tau.py" complexity="0" line-rate="1" branch-rate="0">
					<methods/>
					<lines/>
				</class>
				<class name="pearson_r.py" filename="langbrainscore/metrics/pearson_r.py" complexity="0" line-rate="0.4" branch-rate="0">
					<methods/>
					<lines>
						<line number="1" hits="1"/>
						<line number="3" hits="1"/>
						<line number="6" hits="1"/>
						<line number="28" hits="0"/>
						<line number="29" hits="0"/>
						<line number="31" hits="0"/>
						<line number="32" hits="0"/>
						<line number="34" hits="1"/>
						<line number="35" hits="0"/>
						<line number="36" hits="0"/>
					</lines>
				</class>
				<class name="rank_acc.py" filename="langbrainscore/metrics/rank_acc.py" complexity="0" line-rate="1" branch-rate="0">
					<methods/>
					<lines/>
				</class>
				<class name="spearman_rho.py" filename="langbrainscore/metrics/spearman_rho.py" complexity="0" line-rate="1" branch-rate="0">
					<methods/>
					<lines/>
				</class>
			</classes>
		</package>
		<package name="langbrainscore.utils" line-rate="0.3226" branch-rate="0" complexity="0">
			<classes>
				<class name="__init__.py" filename="langbrainscore/utils/__init__.py" complexity="0" line-rate="1" branch-rate="0">
					<methods/>
					<lines/>
				</class>
				<class name="cache_utils.py" filename="langbrainscore/utils/cache_utils.py" complexity="0" line-rate="1" branch-rate="0">
					<methods/>
					<lines/>
				</class>
				<class name="encoder_utils.py" filename="langbrainscore/utils/encoder_utils.py" complexity="0" line-rate="1" branch-rate="0">
					<methods/>
					<lines/>
				</class>
				<class name="logging.py" filename="langbrainscore/utils/logging.py" complexity="0" line-rate="0.3226" branch-rate="0">
					<methods/>
					<lines>
						<line number="2" hits="1"/>
						<line number="3" hits="1"/>
						<line number="4" hits="1"/>
						<line number="5" hits="1"/>
						<line number="6" hits="1"/>
						<line number="8" hits="1"/>
						<line number="10" hits="1"/>
						<line number="11" hits="1"/>
						<line number="12" hits="1"/>
						<line number="14" hits="1"/>
						<line number="16" hits="0"/>
						<line number="17" hits="0"/>
						<line number="18" hits="0"/>
						<line number="19" hits="0"/>
						<line number="20" hits="0"/>
						<line number="21" hits="0"/>
						<line number="22" hits="0"/>
						<line number="23" hits="0"/>
						<line number="24" hits="0"/>
						<line number="25" hits="0"/>
						<line number="26" hits="0"/>
						<line number="28" hits="0"/>
						<line number="29" hits="0"/>
						<line number="30" hits="0"/>
						<line number="31" hits="0"/>
						<line number="32" hits="0"/>
						<line number="33" hits="0"/>
						<line number="35" hits="0"/>
						<line number="37" hits="0"/>
						<line number="38" hits="0"/>
						<line number="42" hits="0"/>
					</lines>
				</class>
				<class name="s3_utils.py" filename="langbrainscore/utils/s3_utils.py" complexity="0" line-rate="1" branch-rate="0">
					<methods/>
					<lines/>
				</class>
				<class name="stim_utils.py" filename="langbrainscore/utils/stim_utils.py" complexity="0" line-rate="1" branch-rate="0">
					<methods/>
					<lines/>
				</class>
			</classes>
		</package>
	</packages>
</coverage>
