<?xml version="1.0" encoding="utf-8"?><testsuites><testsuite name="pytest" errors="1" failures="0" skipped="0" tests="1" time="18.201" timestamp="2022-02-24T19:22:17.489438" hostname="d079a61e5891"><testcase classname="" name="tests.test_identical" time="0.000"><error message="collection failure">tests/test_identical.py:144: in &lt;module&gt;
    ann_encoded_data = distilgpt_encoder.encode(mock_neuro_dataset, context_dimension='passage_experiment')
langbrainscore/encoder/ann.py:256: in encode
    for k in dataset._dataset.drop(dim=['neuroid', 'timeid']).coords: #&lt;- keeps only sampleid, and has no data
/usr/local/lib/python3.8/dist-packages/xarray/core/dataset.py:4425: in drop
    return self.drop_sel({dim: labels}, errors=errors, **labels_kwargs)
E   TypeError: unhashable type: 'list'</error></testcase></testsuite></testsuites>